T0: EVENT deploy_service_account
T0: REQUEST SERVICE_NOT_STARTED
T0: OBSERVER RED consecutive_red=0
T1: REQUEST SERVICE_NOT_STARTED
T1: OBSERVER RED consecutive_red=1
T2: EVENT attach_required_role(storage.objectViewer) control_plane_ack
T2: REQUEST SERVICE_NOT_STARTED
T2: OBSERVER RED consecutive_red=2
T3: EVENT service_starts_using_service_account
T3: REQUEST PERMISSION_DENIED(us-east1)
T3: OBSERVER RED consecutive_red=3
T3: DECISION WRONG AUTOMATION_REVOKE_SERVICE_ACCOUNT (misclassified propagation lag as compromise/misconfig)
T4: REQUEST SERVICE_ACCOUNT_REVOKED
T4: OBSERVER RED consecutive_red=4
T5: REQUEST SERVICE_ACCOUNT_REVOKED
T5: OBSERVER RED consecutive_red=5
T6: REQUEST SERVICE_ACCOUNT_REVOKED
T6: OBSERVER RED consecutive_red=6
T7: EVENT operator_assumes_propagation_complete (control-plane view)
T7: REQUEST SERVICE_ACCOUNT_REVOKED
T7: OBSERVER RED consecutive_red=7
T8: REQUEST SERVICE_ACCOUNT_REVOKED
T8: OBSERVER RED consecutive_red=8
T9: REQUEST SERVICE_ACCOUNT_REVOKED
T9: OBSERVER RED consecutive_red=9
T10: REQUEST SERVICE_ACCOUNT_REVOKED
T10: OBSERVER RED consecutive_red=10
T11: REQUEST SERVICE_ACCOUNT_REVOKED
T11: OBSERVER RED consecutive_red=11
T12: REQUEST SERVICE_ACCOUNT_REVOKED
T12: OBSERVER RED consecutive_red=12
T13: REQUEST SERVICE_ACCOUNT_REVOKED
T13: OBSERVER RED consecutive_red=13
T14: REQUEST SERVICE_ACCOUNT_REVOKED
T14: OBSERVER RED consecutive_red=14
